# JRE version: OpenJDK Runtime Environment Microsoft-14941484 (21.0.12.1+1) (build 21.0.12.1+1-LTS)
# Java VM: OpenJDK 64-Bit Server VM Microsoft-14941484 (21.0.12.1+1-LTS, mixed mode, sharing, tiered, compressed oops, compressed class ptrs, g1 gc, windows-amd64)
GC Precious Log:
 CardTable entry size: 512
 Card Set container configuration: InlinePtr #cards 4 size 8 Array Of Cards #cards 16 size 48 Howl #buckets 8 coarsen threshold 3686 Howl Bitmap #cards 512 size 80 coarsen threshold 460 Card regions per heap region 1 cards per card region 4096
 CPUs: 12 total, 12 available
 Memory: 7832M
 Large Page Support: Disabled
 NUMA Support: Disabled
 Compressed Oops: Enabled (Zero based)
 Heap Region Size: 2M
 Heap Min Capacity: 8M
 Heap Initial Capacity: 124M
 Heap Max Capacity: 4G
 Pre-touch: Disabled
 Parallel Workers: 10
 Concurrent Workers: 3
 Concurrent Refinement Workers: 10
 Periodic GC: Disabled
Heap:
 garbage-first heap   total 102400K, used 57885K [0x0000000700000000, 0x0000000800000000)
  region size 2048K, 13 young (26624K), 4 survivors (8192K)
 Metaspace       used 44642K, committed 45760K, reserved 1114112K
  class space    used 6227K, committed 6784K, reserved 1048576K
GC Heap History (18 events):
Event: 0.471 GC heap before
{Heap before GC invocations=0 (full 0):
 garbage-first heap   total 126976K, used 22528K [0x0000000700000000, 0x0000000800000000)
  region size 2048K, 11 young (22528K), 0 survivors (0K)
 Metaspace       used 896K, committed 1024K, reserved 1114112K
  class space    used 71K, committed 128K, reserved 1048576K
}
Event: 0.477 GC heap after
{Heap after GC invocations=1 (full 0):
 garbage-first heap   total 126976K, used 1632K [0x0000000700000000, 0x0000000800000000)
  region size 2048K, 1 young (2048K), 1 survivors (2048K)
 Metaspace       used 896K, committed 1024K, reserved 1114112K
  class space    used 71K, committed 128K, reserved 1048576K
}
Event: 1.556 GC heap before
{Heap before GC invocations=1 (full 0):
 garbage-first heap   total 126976K, used 44640K [0x0000000700000000, 0x0000000800000000)
  region size 2048K, 21 young (43008K), 1 survivors (2048K)
 Metaspace       used 4429K, committed 4608K, reserved 1114112K
  class space    used 558K, committed 640K, reserved 1048576K
}
Event: 1.565 GC heap after
{Heap after GC invocations=2 (full 0):
 garbage-first heap   total 126976K, used 11879K [0x0000000700000000, 0x0000000800000000)
  region size 2048K, 3 young (6144K), 3 survivors (6144K)
 Metaspace       used 4429K, committed 4608K, reserved 1114112K
  class space    used 558K, committed 640K, reserved 1048576K
}
Event: 3.168 GC heap before
{Heap before GC invocations=2 (full 0):
 garbage-first heap   total 126976K, used 69223K [0x0000000700000000, 0x0000000800000000)
  region size 2048K, 31 young (63488K), 3 survivors (6144K)
 Metaspace       used 8405K, committed 8704K, reserved 1114112K
  class space    used 1130K, committed 1280K, reserved 1048576K
}
Event: 3.250 GC heap after
{Heap after GC invocations=3 (full 0):
 garbage-first heap   total 126976K, used 19329K [0x0000000700000000, 0x0000000800000000)
  region size 2048K, 4 young (8192K), 4 survivors (8192K)
 Metaspace       used 8405K, committed 8704K, reserved 1114112K
  class space    used 1130K, committed 1280K, reserved 1048576K
}
Event: 5.971 GC heap before
{Heap before GC invocations=3 (full 0):
 garbage-first heap   total 126976K, used 86913K [0x0000000700000000, 0x0000000800000000)
  region size 2048K, 37 young (75776K), 4 survivors (8192K)
 Metaspace       used 19919K, committed 20608K, reserved 1114112K
  class space    used 2872K, committed 3200K, reserved 1048576K
}
Event: 5.978 GC heap after
{Heap after GC invocations=4 (full 0):
 garbage-first heap   total 126976K, used 23727K [0x0000000700000000, 0x0000000800000000)
  region size 2048K, 3 young (6144K), 3 survivors (6144K)
 Metaspace       used 19919K, committed 20608K, reserved 1114112K
  class space    used 2872K, committed 3200K, reserved 1048576K
}
Event: 6.277 GC heap before
{Heap before GC invocations=4 (full 0):
 garbage-first heap   total 126976K, used 31919K [0x0000000700000000, 0x0000000800000000)
  region size 2048K, 8 young (16384K), 3 survivors (6144K)
 Metaspace       used 20866K, committed 21504K, reserved 1114112K
  class space    used 3033K, committed 3328K, reserved 1048576K
}
Event: 6.281 GC heap after
{Heap after GC invocations=5 (full 0):
 garbage-first heap   total 126976K, used 24201K [0x0000000700000000, 0x0000000800000000)
  region size 2048K, 3 young (6144K), 3 survivors (6144K)
 Metaspace       used 20866K, committed 21504K, reserved 1114112K
  class space    used 3033K, committed 3328K, reserved 1048576K
}
Event: 8.334 GC heap before
{Heap before GC invocations=6 (full 0):
 garbage-first heap   total 90112K, used 87689K [0x0000000700000000, 0x0000000800000000)
  region size 2048K, 34 young (69632K), 3 survivors (6144K)
 Metaspace       used 28807K, committed 29824K, reserved 1114112K
  class space    used 4242K, committed 4736K, reserved 1048576K
}
Event: 8.342 GC heap after
{Heap after GC invocations=7 (full 0):
 garbage-first heap   total 102400K, used 28918K [0x0000000700000000, 0x0000000800000000)
  region size 2048K, 5 young (10240K), 5 survivors (10240K)
 Metaspace       used 28807K, committed 29824K, reserved 1114112K
  class space    used 4242K, committed 4736K, reserved 1048576K
}
Event: 9.310 GC heap before
{Heap before GC invocations=7 (full 0):
 garbage-first heap   total 102400K, used 78070K [0x0000000700000000, 0x0000000800000000)
  region size 2048K, 30 young (61440K), 5 survivors (10240K)
 Metaspace       used 34313K, committed 35328K, reserved 1114112K
  class space    used 4990K, committed 5504K, reserved 1048576K
}
Event: 9.319 GC heap after
{Heap after GC invocations=8 (full 0):
 garbage-first heap   total 102400K, used 33250K [0x0000000700000000, 0x0000000800000000)
  region size 2048K, 3 young (6144K), 3 survivors (6144K)
 Metaspace       used 34313K, committed 35328K, reserved 1114112K
  class space    used 4990K, committed 5504K, reserved 1048576K
}
Event: 9.825 GC heap before
{Heap before GC invocations=8 (full 0):
 garbage-first heap   total 102400K, used 55778K [0x0000000700000000, 0x0000000800000000)
  region size 2048K, 15 young (30720K), 3 survivors (6144K)
 Metaspace       used 35156K, committed 36096K, reserved 1114112K
  class space    used 5117K, committed 5568K, reserved 1048576K
}
Event: 9.829 GC heap after
{Heap after GC invocations=9 (full 0):
 garbage-first heap   total 102400K, used 32921K [0x0000000700000000, 0x0000000800000000)
  region size 2048K, 3 young (6144K), 3 survivors (6144K)
 Metaspace       used 35156K, committed 36096K, reserved 1114112K
  class space    used 5117K, committed 5568K, reserved 1048576K
}
Event: 12.213 GC heap before
{Heap before GC invocations=10 (full 0):
 garbage-first heap   total 102400K, used 84121K [0x0000000700000000, 0x0000000800000000)
  region size 2048K, 28 young (57344K), 3 survivors (6144K)
 Metaspace       used 43376K, committed 44416K, reserved 1114112K
  class space    used 6133K, committed 6656K, reserved 1048576K
}
Event: 12.220 GC heap after
{Heap after GC invocations=11 (full 0):
 garbage-first heap   total 102400K, used 37405K [0x0000000700000000, 0x0000000800000000)
  region size 2048K, 4 young (8192K), 4 survivors (8192K)
 Metaspace       used 43376K, committed 44416K, reserved 1114112K
  class space    used 6133K, committed 6656K, reserved 1048576K
}

