# JRE version: OpenJDK Runtime Environment Temurin-21.0.12.1+1 (21.0.12.1+1) (build 21.0.12.1+1-LTS)
# Java VM: OpenJDK 64-Bit Server VM Temurin-21.0.12.1+1 (21.0.12.1+1-LTS, mixed mode, sharing, tiered, compressed oops, compressed class ptrs, parallel gc, windows-amd64)
GC Precious Log:
 CardTable entry size: 512
 CPUs: 12 total, 12 available
 Memory: 7832M
 Large Page Support: Disabled
 NUMA Support: Disabled
 Compressed Oops: Enabled (32-bit)
 Alignments: Space 512K, Generation 512K, Heap 2M
 Heap Min Capacity: 100M
 Heap Initial Capacity: 100M
 Heap Max Capacity: 2G
 Pre-touch: Disabled
 Parallel Workers: 10
Heap:
 PSYoungGen      total 22528K, used 6845K [0x00000000d5580000, 0x00000000d7100000, 0x0000000100000000)
  eden space 20992K, 28% used [0x00000000d5580000,0x00000000d5b63188,0x00000000d6a00000)
  from space 1536K, 53% used [0x00000000d6e00000,0x00000000d6ecc420,0x00000000d6f80000)
  to   space 1024K, 0% used [0x00000000d7000000,0x00000000d7000000,0x00000000d7100000)
 ParOldGen       total 68608K, used 45245K [0x0000000080000000, 0x0000000084300000, 0x00000000d5580000)
  object space 68608K, 65% used [0x0000000080000000,0x0000000082c2f430,0x0000000084300000)
 Metaspace       used 70795K, committed 72256K, reserved 1114112K
  class space    used 8928K, committed 9536K, reserved 1048576K
GC Heap History (20 events):
Event: 140.097 GC heap before
{Heap before GC invocations=39 (full 3):
 PSYoungGen      total 22016K, used 21625K [0x00000000d5580000, 0x00000000d7300000, 0x0000000100000000)
  eden space 20992K, 100% used [0x00000000d5580000,0x00000000d6a00000,0x00000000d6a00000)
  from space 1024K, 61% used [0x00000000d7100000,0x00000000d719e630,0x00000000d7200000)
  to   space 1024K, 0% used [0x00000000d7200000,0x00000000d7200000,0x00000000d7300000)
 ParOldGen       total 68608K, used 43380K [0x0000000080000000, 0x0000000084300000, 0x00000000d5580000)
  object space 68608K, 63% used [0x0000000080000000,0x0000000082a5d120,0x0000000084300000)
 Metaspace       used 65457K, committed 66688K, reserved 1114112K
  class space    used 8222K, committed 8704K, reserved 1048576K
}
Event: 140.098 GC heap after
{Heap after GC invocations=39 (full 3):
 PSYoungGen      total 22016K, used 1015K [0x00000000d5580000, 0x00000000d7300000, 0x0000000100000000)
  eden space 20992K, 0% used [0x00000000d5580000,0x00000000d5580000,0x00000000d6a00000)
  from space 1024K, 99% used [0x00000000d7200000,0x00000000d72fde30,0x00000000d7300000)
  to   space 1536K, 0% used [0x00000000d7000000,0x00000000d7000000,0x00000000d7180000)
 ParOldGen       total 68608K, used 43561K [0x0000000080000000, 0x0000000084300000, 0x00000000d5580000)
  object space 68608K, 63% used [0x0000000080000000,0x0000000082a8a5c8,0x0000000084300000)
 Metaspace       used 65457K, committed 66688K, reserved 1114112K
  class space    used 8222K, committed 8704K, reserved 1048576K
}
Event: 140.264 GC heap before
{Heap before GC invocations=40 (full 3):
 PSYoungGen      total 22016K, used 21995K [0x00000000d5580000, 0x00000000d7300000, 0x0000000100000000)
  eden space 20992K, 99% used [0x00000000d5580000,0x00000000d69fd0a8,0x00000000d6a00000)
  from space 1024K, 99% used [0x00000000d7200000,0x00000000d72fde30,0x00000000d7300000)
  to   space 1536K, 0% used [0x00000000d7000000,0x00000000d7000000,0x00000000d7180000)
 ParOldGen       total 68608K, used 43561K [0x0000000080000000, 0x0000000084300000, 0x00000000d5580000)
  object space 68608K, 63% used [0x0000000080000000,0x0000000082a8a5c8,0x0000000084300000)
 Metaspace       used 65457K, committed 66688K, reserved 1114112K
  class space    used 8222K, committed 8704K, reserved 1048576K
}
Event: 140.265 GC heap after
{Heap after GC invocations=40 (full 3):
 PSYoungGen      total 22528K, used 1328K [0x00000000d5580000, 0x00000000d7280000, 0x0000000100000000)
  eden space 20992K, 0% used [0x00000000d5580000,0x00000000d5580000,0x00000000d6a00000)
  from space 1536K, 86% used [0x00000000d7000000,0x00000000d714c0b0,0x00000000d7180000)
  to   space 1024K, 0% used [0x00000000d7180000,0x00000000d7180000,0x00000000d7280000)
 ParOldGen       total 68608K, used 43593K [0x0000000080000000, 0x0000000084300000, 0x00000000d5580000)
  object space 68608K, 63% used [0x0000000080000000,0x0000000082a924a8,0x0000000084300000)
 Metaspace       used 65457K, committed 66688K, reserved 1114112K
  class space    used 8222K, committed 8704K, reserved 1048576K
}
Event: 140.437 GC heap before
{Heap before GC invocations=41 (full 3):
 PSYoungGen      total 22528K, used 22320K [0x00000000d5580000, 0x00000000d7280000, 0x0000000100000000)
  eden space 20992K, 100% used [0x00000000d5580000,0x00000000d6a00000,0x00000000d6a00000)
  from space 1536K, 86% used [0x00000000d7000000,0x00000000d714c0b0,0x00000000d7180000)
  to   space 1024K, 0% used [0x00000000d7180000,0x00000000d7180000,0x00000000d7280000)
 ParOldGen       total 68608K, used 43593K [0x0000000080000000, 0x0000000084300000, 0x00000000d5580000)
  object space 68608K, 63% used [0x0000000080000000,0x0000000082a924a8,0x0000000084300000)
 Metaspace       used 65457K, committed 66688K, reserved 1114112K
  class space    used 8222K, committed 8704K, reserved 1048576K
}
Event: 140.438 GC heap after
{Heap after GC invocations=41 (full 3):
 PSYoungGen      total 22016K, used 1007K [0x00000000d5580000, 0x00000000d7280000, 0x0000000100000000)
  eden space 20992K, 0% used [0x00000000d5580000,0x00000000d5580000,0x00000000d6a00000)
  from space 1024K, 98% used [0x00000000d7180000,0x00000000d727bf98,0x00000000d7280000)
  to   space 1536K, 0% used [0x00000000d6f80000,0x00000000d6f80000,0x00000000d7100000)
 ParOldGen       total 68608K, used 43813K [0x0000000080000000, 0x0000000084300000, 0x00000000d5580000)
  object space 68608K, 63% used [0x0000000080000000,0x0000000082ac9680,0x0000000084300000)
 Metaspace       used 65457K, committed 66688K, reserved 1114112K
  class space    used 8222K, committed 8704K, reserved 1048576K
}
Event: 140.610 GC heap before
{Heap before GC invocations=42 (full 3):
 PSYoungGen      total 22016K, used 21999K [0x00000000d5580000, 0x00000000d7280000, 0x0000000100000000)
  eden space 20992K, 100% used [0x00000000d5580000,0x00000000d6a00000,0x00000000d6a00000)
  from space 1024K, 98% used [0x00000000d7180000,0x00000000d727bf98,0x00000000d7280000)
  to   space 1536K, 0% used [0x00000000d6f80000,0x00000000d6f80000,0x00000000d7100000)
 ParOldGen       total 68608K, used 43813K [0x0000000080000000, 0x0000000084300000, 0x00000000d5580000)
  object space 68608K, 63% used [0x0000000080000000,0x0000000082ac9680,0x0000000084300000)
 Metaspace       used 65457K, committed 66688K, reserved 1114112K
  class space    used 8222K, committed 8704K, reserved 1048576K
}
Event: 140.611 GC heap after
{Heap after GC invocations=42 (full 3):
 PSYoungGen      total 22528K, used 850K [0x00000000d5580000, 0x00000000d7200000, 0x0000000100000000)
  eden space 20992K, 0% used [0x00000000d5580000,0x00000000d5580000,0x00000000d6a00000)
  from space 1536K, 55% used [0x00000000d6f80000,0x00000000d7054be8,0x00000000d7100000)
  to   space 1024K, 0% used [0x00000000d7100000,0x00000000d7100000,0x00000000d7200000)
 ParOldGen       total 68608K, used 43837K [0x0000000080000000, 0x0000000084300000, 0x00000000d5580000)
  object space 68608K, 63% used [0x0000000080000000,0x0000000082acf680,0x0000000084300000)
 Metaspace       used 65457K, committed 66688K, reserved 1114112K
  class space    used 8222K, committed 8704K, reserved 1048576K
}
Event: 140.744 GC heap before
{Heap before GC invocations=43 (full 3):
 PSYoungGen      total 22528K, used 21842K [0x00000000d5580000, 0x00000000d7200000, 0x0000000100000000)
  eden space 20992K, 100% used [0x00000000d5580000,0x00000000d6a00000,0x00000000d6a00000)
  from space 1536K, 55% used [0x00000000d6f80000,0x00000000d7054be8,0x00000000d7100000)
  to   space 1024K, 0% used [0x00000000d7100000,0x00000000d7100000,0x00000000d7200000)
 ParOldGen       total 68608K, used 43837K [0x0000000080000000, 0x0000000084300000, 0x00000000d5580000)
  object space 68608K, 63% used [0x0000000080000000,0x0000000082acf680,0x0000000084300000)
 Metaspace       used 65457K, committed 66688K, reserved 1114112K
  class space    used 8222K, committed 8704K, reserved 1048576K
}
Event: 140.744 GC heap after
{Heap after GC invocations=43 (full 3):
 PSYoungGen      total 22016K, used 760K [0x00000000d5580000, 0x00000000d7200000, 0x0000000100000000)
  eden space 20992K, 0% used [0x00000000d5580000,0x00000000d5580000,0x00000000d6a00000)
  from space 1024K, 74% used [0x00000000d7100000,0x00000000d71be020,0x00000000d7200000)
  to   space 1024K, 0% used [0x00000000d7000000,0x00000000d7000000,0x00000000d7100000)
 ParOldGen       total 68608K, used 43877K [0x0000000080000000, 0x0000000084300000, 0x00000000d5580000)
  object space 68608K, 63% used [0x0000000080000000,0x0000000082ad9680,0x0000000084300000)
 Metaspace       used 65457K, committed 66688K, reserved 1114112K
  class space    used 8222K, committed 8704K, reserved 1048576K
}
Event: 140.847 GC heap before
{Heap before GC invocations=44 (full 3):
 PSYoungGen      total 22016K, used 21752K [0x00000000d5580000, 0x00000000d7200000, 0x0000000100000000)
  eden space 20992K, 100% used [0x00000000d5580000,0x00000000d6a00000,0x00000000d6a00000)
  from space 1024K, 74% used [0x00000000d7100000,0x00000000d71be020,0x00000000d7200000)
  to   space 1024K, 0% used [0x00000000d7000000,0x00000000d7000000,0x00000000d7100000)
 ParOldGen       total 68608K, used 43877K [0x0000000080000000, 0x0000000084300000, 0x00000000d5580000)
  object space 68608K, 63% used [0x0000000080000000,0x0000000082ad9680,0x0000000084300000)
 Metaspace       used 65457K, committed 66688K, reserved 1114112K
  class space    used 8222K, committed 8704K, reserved 1048576K
}
Event: 140.848 GC heap after
{Heap after GC invocations=44 (full 3):
 PSYoungGen      total 21504K, used 447K [0x00000000d5580000, 0x00000000d7180000, 0x0000000100000000)
  eden space 20992K, 0% used [0x00000000d5580000,0x00000000d5580000,0x00000000d6a00000)
  from space 512K, 87% used [0x00000000d7000000,0x00000000d706feb8,0x00000000d7080000)
  to   space 1024K, 0% used [0x00000000d7080000,0x00000000d7080000,0x00000000d7180000)
 ParOldGen       total 68608K, used 43925K [0x0000000080000000, 0x0000000084300000, 0x00000000d5580000)
  object space 68608K, 64% used [0x0000000080000000,0x0000000082ae5680,0x0000000084300000)
 Metaspace       used 65457K, committed 66688K, reserved 1114112K
  class space    used 8222K, committed 8704K, reserved 1048576K
}
Event: 140.960 GC heap before
{Heap before GC invocations=45 (full 3):
 PSYoungGen      total 21504K, used 21439K [0x00000000d5580000, 0x00000000d7180000, 0x0000000100000000)
  eden space 20992K, 100% used [0x00000000d5580000,0x00000000d6a00000,0x00000000d6a00000)
  from space 512K, 87% used [0x00000000d7000000,0x00000000d706feb8,0x00000000d7080000)
  to   space 1024K, 0% used [0x00000000d7080000,0x00000000d7080000,0x00000000d7180000)
 ParOldGen       total 68608K, used 43925K [0x0000000080000000, 0x0000000084300000, 0x00000000d5580000)
  object space 68608K, 64% used [0x0000000080000000,0x0000000082ae5680,0x0000000084300000)
 Metaspace       used 65755K, committed 67008K, reserved 1114112K
  class space    used 8262K, committed 8768K, reserved 1048576K
}
Event: 140.961 GC heap after
{Heap after GC invocations=45 (full 3):
 PSYoungGen      total 21504K, used 416K [0x00000000d5580000, 0x00000000d7100000, 0x0000000100000000)
  eden space 20992K, 0% used [0x00000000d5580000,0x00000000d5580000,0x00000000d6a00000)
  from space 512K, 81% used [0x00000000d7080000,0x00000000d70e83c8,0x00000000d7100000)
  to   space 512K, 0% used [0x00000000d7000000,0x00000000d7000000,0x00000000d7080000)
 ParOldGen       total 68608K, used 43957K [0x0000000080000000, 0x0000000084300000, 0x00000000d5580000)
  object space 68608K, 64% used [0x0000000080000000,0x0000000082aed680,0x0000000084300000)
 Metaspace       used 65755K, committed 67008K, reserved 1114112K
  class space    used 8262K, committed 8768K, reserved 1048576K
}
Event: 141.727 GC heap before
{Heap before GC invocations=46 (full 3):
 PSYoungGen      total 21504K, used 21408K [0x00000000d5580000, 0x00000000d7100000, 0x0000000100000000)
  eden space 20992K, 100% used [0x00000000d5580000,0x00000000d6a00000,0x00000000d6a00000)
  from space 512K, 81% used [0x00000000d7080000,0x00000000d70e83c8,0x00000000d7100000)
  to   space 512K, 0% used [0x00000000d7000000,0x00000000d7000000,0x00000000d7080000)
 ParOldGen       total 68608K, used 43957K [0x0000000080000000, 0x0000000084300000, 0x00000000d5580000)
  object space 68608K, 64% used [0x0000000080000000,0x0000000082aed680,0x0000000084300000)
 Metaspace       used 68175K, committed 69632K, reserved 1114112K
  class space    used 8623K, committed 9216K, reserved 1048576K
}
Event: 141.728 GC heap after
{Heap after GC invocations=46 (full 3):
 PSYoungGen      total 21504K, used 480K [0x00000000d5580000, 0x00000000d7100000, 0x0000000100000000)
  eden space 20992K, 0% used [0x00000000d5580000,0x00000000d5580000,0x00000000d6a00000)
  from space 512K, 93% used [0x00000000d7000000,0x00000000d7078010,0x00000000d7080000)
  to   space 512K, 0% used [0x00000000d7080000,0x00000000d7080000,0x00000000d7100000)
 ParOldGen       total 68608K, used 44309K [0x0000000080000000, 0x0000000084300000, 0x00000000d5580000)
  object space 68608K, 64% used [0x0000000080000000,0x0000000082b456a0,0x0000000084300000)
 Metaspace       used 68175K, committed 69632K, reserved 1114112K
  class space    used 8623K, committed 9216K, reserved 1048576K
}
Event: 167.502 GC heap before
{Heap before GC invocations=47 (full 3):
 PSYoungGen      total 21504K, used 21462K [0x00000000d5580000, 0x00000000d7100000, 0x0000000100000000)
  eden space 20992K, 99% used [0x00000000d5580000,0x00000000d69fd930,0x00000000d6a00000)
  from space 512K, 93% used [0x00000000d7000000,0x00000000d7078010,0x00000000d7080000)
  to   space 512K, 0% used [0x00000000d7080000,0x00000000d7080000,0x00000000d7100000)
 ParOldGen       total 68608K, used 44309K [0x0000000080000000, 0x0000000084300000, 0x00000000d5580000)
  object space 68608K, 64% used [0x0000000080000000,0x0000000082b456a0,0x0000000084300000)
 Metaspace       used 69459K, committed 70976K, reserved 1114112K
  class space    used 8780K, committed 9408K, reserved 1048576K
}
Event: 167.513 GC heap after
{Heap after GC invocations=47 (full 3):
 PSYoungGen      total 21504K, used 504K [0x00000000d5580000, 0x00000000d7100000, 0x0000000100000000)
  eden space 20992K, 0% used [0x00000000d5580000,0x00000000d5580000,0x00000000d6a00000)
  from space 512K, 98% used [0x00000000d7080000,0x00000000d70fe088,0x00000000d7100000)
  to   space 1536K, 0% used [0x00000000d6e00000,0x00000000d6e00000,0x00000000d6f80000)
 ParOldGen       total 68608K, used 44876K [0x0000000080000000, 0x0000000084300000, 0x00000000d5580000)
  object space 68608K, 65% used [0x0000000080000000,0x0000000082bd3230,0x0000000084300000)
 Metaspace       used 69459K, committed 70976K, reserved 1114112K
  class space    used 8780K, committed 9408K, reserved 1048576K
}
Event: 168.545 GC heap before
{Heap before GC invocations=48 (full 3):
 PSYoungGen      total 21504K, used 21483K [0x00000000d5580000, 0x00000000d7100000, 0x0000000100000000)
  eden space 20992K, 99% used [0x00000000d5580000,0x00000000d69fcbd8,0x00000000d6a00000)
  from space 512K, 98% used [0x00000000d7080000,0x00000000d70fe088,0x00000000d7100000)
  to   space 1536K, 0% used [0x00000000d6e00000,0x00000000d6e00000,0x00000000d6f80000)
 ParOldGen       total 68608K, used 44876K [0x0000000080000000, 0x0000000084300000, 0x00000000d5580000)
  object space 68608K, 65% used [0x0000000080000000,0x0000000082bd3230,0x0000000084300000)
 Metaspace       used 70228K, committed 71744K, reserved 1114112K
  class space    used 8863K, committed 9536K, reserved 1048576K
}
Event: 168.549 GC heap after
{Heap after GC invocations=48 (full 3):
 PSYoungGen      total 22528K, used 817K [0x00000000d5580000, 0x00000000d7100000, 0x0000000100000000)
  eden space 20992K, 0% used [0x00000000d5580000,0x00000000d5580000,0x00000000d6a00000)
  from space 1536K, 53% used [0x00000000d6e00000,0x00000000d6ecc420,0x00000000d6f80000)
  to   space 1024K, 0% used [0x00000000d7000000,0x00000000d7000000,0x00000000d7100000)
 ParOldGen       total 68608K, used 45245K [0x0000000080000000, 0x0000000084300000, 0x00000000d5580000)
  object space 68608K, 65% used [0x0000000080000000,0x0000000082c2f430,0x0000000084300000)
 Metaspace       used 70228K, committed 71744K, reserved 1114112K
  class space    used 8863K, committed 9536K, reserved 1048576K
}

