# JRE version: OpenJDK Runtime Environment Microsoft-14941484 (21.0.12.1+1) (build 21.0.12.1+1-LTS)
# Java VM: OpenJDK 64-Bit Server VM Microsoft-14941484 (21.0.12.1+1-LTS, mixed mode, sharing, tiered, compressed oops, compressed class ptrs, g1 gc, windows-amd64)
GC Precious Log:
 CardTable entry size: 512
 Card Set container configuration: InlinePtr #cards 4 size 8 Array Of Cards #cards 16 size 48 Howl #buckets 8 coarsen threshold 3686 Howl Bitmap #cards 512 size 80 coarsen threshold 460 Card regions per heap region 1 cards per card region 4096
 CPUs: 12 total, 12 available
 Memory: 7832M
 Large Page Support: Disabled
 NUMA Support: Disabled
 Compressed Oops: Enabled (Zero based)
 Heap Region Size: 2M
 Heap Min Capacity: 8M
 Heap Initial Capacity: 124M
 Heap Max Capacity: 4G
 Pre-touch: Disabled
 Parallel Workers: 10
 Concurrent Workers: 3
 Concurrent Refinement Workers: 10
 Periodic GC: Disabled
Heap:
 garbage-first heap   total 102400K, used 80767K [0x0000000700000000, 0x0000000800000000)
  region size 2048K, 27 young (55296K), 3 survivors (6144K)
 Metaspace       used 43218K, committed 44352K, reserved 1114112K
  class space    used 6108K, committed 6656K, reserved 1048576K
GC Heap History (16 events):
Event: 0.495 GC heap before
{Heap before GC invocations=0 (full 0):
 garbage-first heap   total 126976K, used 22528K [0x0000000700000000, 0x0000000800000000)
  region size 2048K, 11 young (22528K), 0 survivors (0K)
 Metaspace       used 892K, committed 1024K, reserved 1114112K
  class space    used 71K, committed 128K, reserved 1048576K
}
Event: 0.498 GC heap after
{Heap after GC invocations=1 (full 0):
 garbage-first heap   total 126976K, used 1600K [0x0000000700000000, 0x0000000800000000)
  region size 2048K, 1 young (2048K), 1 survivors (2048K)
 Metaspace       used 892K, committed 1024K, reserved 1114112K
  class space    used 71K, committed 128K, reserved 1048576K
}
Event: 1.545 GC heap before
{Heap before GC invocations=1 (full 0):
 garbage-first heap   total 126976K, used 46656K [0x0000000700000000, 0x0000000800000000)
  region size 2048K, 21 young (43008K), 1 survivors (2048K)
 Metaspace       used 4431K, committed 4608K, reserved 1114112K
  class space    used 556K, committed 640K, reserved 1048576K
}
Event: 1.555 GC heap after
{Heap after GC invocations=2 (full 0):
 garbage-first heap   total 126976K, used 12042K [0x0000000700000000, 0x0000000800000000)
  region size 2048K, 3 young (6144K), 3 survivors (6144K)
 Metaspace       used 4431K, committed 4608K, reserved 1114112K
  class space    used 556K, committed 640K, reserved 1048576K
}
Event: 3.166 GC heap before
{Heap before GC invocations=2 (full 0):
 garbage-first heap   total 126976K, used 69386K [0x0000000700000000, 0x0000000800000000)
  region size 2048K, 31 young (63488K), 3 survivors (6144K)
 Metaspace       used 8339K, committed 8640K, reserved 1114112K
  class space    used 1127K, committed 1280K, reserved 1048576K
}
Event: 3.259 GC heap after
{Heap after GC invocations=3 (full 0):
 garbage-first heap   total 126976K, used 19117K [0x0000000700000000, 0x0000000800000000)
  region size 2048K, 4 young (8192K), 4 survivors (8192K)
 Metaspace       used 8339K, committed 8640K, reserved 1114112K
  class space    used 1127K, committed 1280K, reserved 1048576K
}
Event: 6.005 GC heap before
{Heap before GC invocations=3 (full 0):
 garbage-first heap   total 126976K, used 86701K [0x0000000700000000, 0x0000000800000000)
  region size 2048K, 37 young (75776K), 4 survivors (8192K)
 Metaspace       used 19886K, committed 20608K, reserved 1114112K
  class space    used 2871K, committed 3200K, reserved 1048576K
}
Event: 6.014 GC heap after
{Heap after GC invocations=4 (full 0):
 garbage-first heap   total 126976K, used 24218K [0x0000000700000000, 0x0000000800000000)
  region size 2048K, 3 young (6144K), 3 survivors (6144K)
 Metaspace       used 19886K, committed 20608K, reserved 1114112K
  class space    used 2871K, committed 3200K, reserved 1048576K
}
Event: 6.313 GC heap before
{Heap before GC invocations=4 (full 0):
 garbage-first heap   total 126976K, used 32410K [0x0000000700000000, 0x0000000800000000)
  region size 2048K, 8 young (16384K), 3 survivors (6144K)
 Metaspace       used 20868K, committed 21504K, reserved 1114112K
  class space    used 3034K, committed 3328K, reserved 1048576K
}
Event: 6.316 GC heap after
{Heap after GC invocations=5 (full 0):
 garbage-first heap   total 126976K, used 24854K [0x0000000700000000, 0x0000000800000000)
  region size 2048K, 3 young (6144K), 3 survivors (6144K)
 Metaspace       used 20868K, committed 21504K, reserved 1114112K
  class space    used 3034K, committed 3328K, reserved 1048576K
}
Event: 8.546 GC heap before
{Heap before GC invocations=6 (full 0):
 garbage-first heap   total 90112K, used 88342K [0x0000000700000000, 0x0000000800000000)
  region size 2048K, 34 young (69632K), 3 survivors (6144K)
 Metaspace       used 28731K, committed 29824K, reserved 1114112K
  class space    used 4227K, committed 4736K, reserved 1048576K
}
Event: 8.553 GC heap after
{Heap after GC invocations=7 (full 0):
 garbage-first heap   total 102400K, used 29674K [0x0000000700000000, 0x0000000800000000)
  region size 2048K, 3 young (6144K), 3 survivors (6144K)
 Metaspace       used 28731K, committed 29824K, reserved 1114112K
  class space    used 4227K, committed 4736K, reserved 1048576K
}
Event: 9.733 GC heap before
{Heap before GC invocations=7 (full 0):
 garbage-first heap   total 102400K, used 80874K [0x0000000700000000, 0x0000000800000000)
  region size 2048K, 29 young (59392K), 3 survivors (6144K)
 Metaspace       used 34561K, committed 35584K, reserved 1114112K
  class space    used 5080K, committed 5568K, reserved 1048576K
}
Event: 9.740 GC heap after
{Heap after GC invocations=8 (full 0):
 garbage-first heap   total 102400K, used 33752K [0x0000000700000000, 0x0000000800000000)
  region size 2048K, 3 young (6144K), 3 survivors (6144K)
 Metaspace       used 34561K, committed 35584K, reserved 1114112K
  class space    used 5080K, committed 5568K, reserved 1048576K
}
Event: 10.280 GC heap before
{Heap before GC invocations=8 (full 0):
 garbage-first heap   total 102400K, used 56280K [0x0000000700000000, 0x0000000800000000)
  region size 2048K, 15 young (30720K), 3 survivors (6144K)
 Metaspace       used 35464K, committed 36416K, reserved 1114112K
  class space    used 5152K, committed 5632K, reserved 1048576K
}
Event: 10.287 GC heap after
{Heap after GC invocations=9 (full 0):
 garbage-first heap   total 102400K, used 33663K [0x0000000700000000, 0x0000000800000000)
  region size 2048K, 3 young (6144K), 3 survivors (6144K)
 Metaspace       used 35464K, committed 36416K, reserved 1114112K
  class space    used 5152K, committed 5632K, reserved 1048576K
}

